<?xml version="1.0" encoding="UTF-8"?>
<testsuite name="Busqueda de tres productos exitosomante por la caja de texto" tests="3" skipped="0" failures="1" errors="0" timestamp="2022-08-14T22:21:22" hostname="DESKTOP-TQUR8IO" time="56.266">
  <properties/>
  <testcase name="Buscar productos" classname="Busqueda de tres productos exitosomante por la caja de texto" time="21.147"/>
  <testcase name="Buscar productos" classname="Busqueda de tres productos exitosomante por la caja de texto" time="18.232"/>
  <testcase name="Buscar productos" classname="Busqueda de tres productos exitosomante por la caja de texto" time="16.881">
    <failure message="java.lang.AssertionError: &#10;Expected: an element containing 'Flats'&#10;     but:  was the element identified by xpath: (//h1[@id='p_title']) [Entity PP16 Composite Flat Pedals]" type="java.lang.AssertionError">java.lang.AssertionError: 
Expected: an element containing 'Flats'
     but:  was the element identified by xpath: (//h1[@id='p_title']) [Entity PP16 Composite Flat Pedals]
	at net.serenitybdd.screenplay.ErrorTally.throwSummaryExceptionFrom(ErrorTally.java:36)
	at net.serenitybdd.screenplay.ErrorTally.reportAnyErrors(ErrorTally.java:30)
	at net.serenitybdd.screenplay.Actor.should(Actor.java:301)
	at com.bikesonline.www.stepDefinitions.BackgroundBusquedaStepDefinitions.quieroBuscarTresProductos(BackgroundBusquedaStepDefinitions.java:29)
	at ✽.quiero buscar tres productos(src/test/resources/com.bikesonline.www.features/busquedaBackground.feature:21)
</failure>
  </testcase>
  <system-out><![CDATA[]]></system-out>
  <system-err><![CDATA[Starting ChromeDriver 103.0.5060.134 (8ec6fce403b3feb0869b0732eda8bd95011d333c-refs/branch-heads/5060@{#1262}) on port 45881
Only local connections are allowed.
Please see https://chromedriver.chromium.org/security-considerations for suggestions on keeping ChromeDriver safe.
ChromeDriver was started successfully.
[1660515683.912][WARNING]: This version of ChromeDriver has not been tested with Chrome version 104.
ago 14, 2022 5:21:23 PM org.openqa.selenium.remote.ProtocolHandshake createSession
INFORMACIÓN: Detected dialect: W3C
[Test worker] INFO net.thucydides.core.steps.ConsoleLoggingListener - 
        __    _____ _____ ____ _____   ____   _    ____  ____  _____ ____  
  _     \ \  |_   _| ____/ ___|_   _| |  _ \ / \  / ___|/ ___|| ____|  _ \ 
 (_)_____| |   | | |  _| \___ \ | |   | |_) / _ \ \___ \\___ \|  _| | | | |
  _|_____| |   | | | |___ ___) || |   |  __/ ___ \ ___) |___) | |___| |_| |
 (_)     | |   |_| |_____|____/ |_|   |_| /_/   \_\____/|____/|_____|____/ 
        /_/                                                                

TEST PASSED: Buscar productos
----------------------------------------------------------------------------
Starting ChromeDriver 103.0.5060.134 (8ec6fce403b3feb0869b0732eda8bd95011d333c-refs/branch-heads/5060@{#1262}) on port 45581
Only local connections are allowed.
Please see https://chromedriver.chromium.org/security-considerations for suggestions on keeping ChromeDriver safe.
ChromeDriver was started successfully.
[1660515704.330][WARNING]: This version of ChromeDriver has not been tested with Chrome version 104.
ago 14, 2022 5:21:44 PM org.openqa.selenium.remote.ProtocolHandshake createSession
INFORMACIÓN: Detected dialect: W3C
[Test worker] INFO net.thucydides.core.steps.ConsoleLoggingListener - 
        __    _____ _____ ____ _____   ____   _    ____  ____  _____ ____  
  _     \ \  |_   _| ____/ ___|_   _| |  _ \ / \  / ___|/ ___|| ____|  _ \ 
 (_)_____| |   | | |  _| \___ \ | |   | |_) / _ \ \___ \\___ \|  _| | | | |
  _|_____| |   | | | |___ ___) || |   |  __/ ___ \ ___) |___) | |___| |_| |
 (_)     | |   |_| |_____|____/ |_|   |_| /_/   \_\____/|____/|_____|____/ 
        /_/                                                                

TEST PASSED: Buscar productos
----------------------------------------------------------------------------
Starting ChromeDriver 103.0.5060.134 (8ec6fce403b3feb0869b0732eda8bd95011d333c-refs/branch-heads/5060@{#1262}) on port 17743
Only local connections are allowed.
Please see https://chromedriver.chromium.org/security-considerations for suggestions on keeping ChromeDriver safe.
ChromeDriver was started successfully.
[1660515722.546][WARNING]: This version of ChromeDriver has not been tested with Chrome version 104.
ago 14, 2022 5:22:02 PM org.openqa.selenium.remote.ProtocolHandshake createSession
INFORMACIÓN: Detected dialect: W3C
[Test worker] ERROR net.thucydides.core.steps.ConsoleLoggingListener - 
           __  _____ _____ ____ _____   _____ _    ___ _     _____ ____  
  _       / / |_   _| ____/ ___|_   _| |  ___/ \  |_ _| |   | ____|  _ \ 
 (_)_____| |    | | |  _| \___ \ | |   | |_ / _ \  | || |   |  _| | | | |
  _|_____| |    | | | |___ ___) || |   |  _/ ___ \ | || |___| |___| |_| |
 (_)     | |    |_| |_____|____/ |_|   |_|/_/   \_\___|_____|_____|____/ 
          \_\                                                            

TEST FAILED: Buscar productos
--------------------------------------------------------------------------
[Test worker] ERROR net.thucydides.core.steps.ConsoleLoggingListener - TEST FAILED AT STEP Then Titulo del Producto should be an element containing 'Flats'
[Test worker] ERROR net.thucydides.core.steps.ConsoleLoggingListener - Expected: an element containing 'Flats' but:  was the element identified by xpath: (//h1[@id='p_title']) [Entity PP16 Composite Flat Pedals]
]]></system-err>
</testsuite>
